[2025-03-31 15:51:44.717] [jointLog] [info] setting maxHashResizeThreads to 2
[2025-03-31 15:51:44.717] [jointLog] [info] Fragment incompatibility prior below threshold.  Incompatible fragments will be ignored.
[2025-03-31 15:51:44.717] [jointLog] [info] Usage of --validateMappings implies use of minScoreFraction. Since not explicitly specified, it is being set to 0.65
[2025-03-31 15:51:44.718] [jointLog] [info] Setting consensusSlack to selective-alignment default of 0.35.
[2025-03-31 15:51:44.718] [jointLog] [info] parsing read library format
[2025-03-31 15:51:44.718] [jointLog] [info] There is 1 library.
[2025-03-31 15:51:44.718] [jointLog] [info] Loading pufferfish index
[2025-03-31 15:51:44.719] [jointLog] [info] Loading dense pufferfish index.
[2025-03-31 15:51:52.680] [jointLog] [info] done
[2025-03-31 15:51:52.720] [jointLog] [info] Index contained 874 targets
[2025-03-31 15:51:58.832] [jointLog] [info] Number of decoys : 0
[2025-03-31 15:51:58.833] [jointLog] [warning] Fragment GC bias correction is currently *experimental* in single-end libraries.  Please use this option with caution.
[2025-03-31 15:51:59.102] [jointLog] [info] Automatically detected most likely library type as U

[2025-03-31 15:53:45.233] [jointLog] [info] Computed 10,698 rich equivalence classes for further processing
[2025-03-31 15:53:45.233] [jointLog] [info] Counted 15,565,663 total reads in the equivalence classes 
[2025-03-31 15:53:45.234] [jointLog] [info] Number of mappings discarded because of alignment score : 5,765,667
[2025-03-31 15:53:45.234] [jointLog] [info] Number of fragments entirely discarded because of alignment score : 4,812,405
[2025-03-31 15:53:45.234] [jointLog] [info] Number of fragments discarded because they are best-mapped to decoys : 0
[2025-03-31 15:53:45.234] [jointLog] [info] Number of fragments discarded because they have only dovetail (discordant) mappings to valid targets : 0
[2025-03-31 15:53:45.234] [jointLog] [info] Mapping rate = 75.7082%

[2025-03-31 15:53:45.234] [jointLog] [info] finished quantifyLibrary()
[2025-03-31 15:53:45.234] [jointLog] [info] Starting optimizer
[2025-03-31 15:53:45.238] [jointLog] [info] Marked 0 weighted equivalence classes as degenerate
[2025-03-31 15:53:45.240] [jointLog] [info] iteration = 0 | max rel diff. = 749191
[2025-03-31 15:53:45.258] [jointLog] [info] iteration 11, adjusting effective lengths to account for biases
[2025-03-31 15:53:45.233] [fileLog] [info] 
At end of round 0
==================
Observed 20560068 total fragments (20560068 in most recent round)

[2025-03-31 16:01:33.975] [jointLog] [info] Computed expected counts (for bias correction)
[2025-03-31 16:01:33.976] [jointLog] [info] processed bias for 0.2% of the transcripts
[2025-03-31 16:01:33.987] [jointLog] [info] processed bias for 10.5% of the transcripts
[2025-03-31 16:01:34.010] [jointLog] [info] processed bias for 20.6% of the transcripts
[2025-03-31 16:01:34.031] [jointLog] [info] processed bias for 31.1% of the transcripts
[2025-03-31 16:01:34.055] [jointLog] [info] processed bias for 40.0% of the transcripts
[2025-03-31 16:01:34.065] [jointLog] [info] processed bias for 50.3% of the transcripts
[2025-03-31 16:01:34.116] [jointLog] [info] processed bias for 60.2% of the transcripts
[2025-03-31 16:01:34.147] [jointLog] [info] processed bias for 70.8% of the transcripts
[2025-03-31 16:01:34.253] [jointLog] [info] processed bias for 83.6% of the transcripts
[2025-03-31 16:06:37.366] [jointLog] [info] processed bias for 90.8% of the transcripts
[2025-03-31 16:09:36.306] [jointLog] [info] processed bias for 100.0% of the transcripts
[2025-03-31 16:09:36.460] [jointLog] [info] iteration = 100 | max rel diff. = 0.0370257
[2025-03-31 16:09:36.623] [jointLog] [info] iteration = 189 | max rel diff. = 0.00373783
[2025-03-31 16:09:36.623] [jointLog] [info] Finished optimizer
[2025-03-31 16:09:36.623] [jointLog] [info] writing output 

[2025-03-31 16:09:36.632] [jointLog] [warning] NOTE: Read Lib [[ SRR8742861.fastq ]] :

Detected a *potential* strand bias > 1% in an unstranded protocol check the file: SRR8742861_RTX430/lib_format_counts.json for details

